<?xml version="1.0" encoding="UTF-8"?>
<testsuite xmlns:xsi="http://www.w3.org/2001/XMLSchema-instance" xsi:noNamespaceSchemaLocation="https://maven.apache.org/surefire/maven-surefire-plugin/xsd/surefire-test-report.xsd" version="3.0.2" name="com.rht.santander.api.v1.BankingEntityQueryControllerIntegrationTest" time="13.439" tests="3" errors="0" skipped="0" failures="0">
  <properties>
[...]
</properties>
  <testcase name="getAll_shouldReturnOk" classname="com.rht.santander.api.v1.BankingEntityQueryControllerIntegrationTest" time="1.291">
    <system-out><![CDATA[11:37:44.116 [main] INFO org.springframework.test.context.support.AnnotationConfigContextLoaderUtils -- Could not detect default configuration classes for test class [com.rht.santander.api.v1.BankingEntityQueryControllerIntegrationTest]: BankingEntityQueryControllerIntegrationTest does not declare any static, non-private, non-final, nested classes annotated with @Configuration.
11:37:44.609 [main] INFO org.springframework.boot.test.context.SpringBootTestContextBootstrapper -- Found @SpringBootConfiguration com.rht.santander.BankingApplication for test class com.rht.santander.api.v1.BankingEntityQueryControllerIntegrationTest

  .   ____          _            __ _ _
 /\\ / ___'_ __ _ _(_)_ __  __ _ \ \ \ \
( ( )\___ | '_ | '_| | '_ \/ _` | \ \ \ \
 \\/  ___)| |_)| | | | | || (_| |  ) ) ) )
  '  |____| .__|_| |_|_| |_\__, | / / / /
 =========|_|==============|___/=/_/_/_/

 :: Spring Boot ::                (v3.5.3)

2025-08-28T11:37:45.864-03:00  INFO 9588 --- [CrudBanking] [           main] kingEntityQueryControllerIntegrationTest : Starting BankingEntityQueryControllerIntegrationTest using Java 17.0.12 with PID 9588 (started by LP in C:\Trabajo\W\master\crud-banking)
2025-08-28T11:37:45.867-03:00  INFO 9588 --- [CrudBanking] [           main] kingEntityQueryControllerIntegrationTest : The following 1 profile is active: "test"
2025-08-28T11:37:47.849-03:00  INFO 9588 --- [CrudBanking] [           main] .s.d.r.c.RepositoryConfigurationDelegate : Bootstrapping Spring Data JPA repositories in DEFAULT mode.
2025-08-28T11:37:47.995-03:00  INFO 9588 --- [CrudBanking] [           main] .s.d.r.c.RepositoryConfigurationDelegate : Finished Spring Data repository scanning in 123 ms. Found 1 JPA repository interface.
2025-08-28T11:37:49.301-03:00  INFO 9588 --- [CrudBanking] [           main] o.hibernate.jpa.internal.util.LogHelper  : HHH000204: Processing PersistenceUnitInfo [name: default]
2025-08-28T11:37:49.423-03:00  INFO 9588 --- [CrudBanking] [           main] org.hibernate.Version                    : HHH000412: Hibernate ORM core version 6.6.18.Final
2025-08-28T11:37:49.521-03:00  INFO 9588 --- [CrudBanking] [           main] o.h.c.internal.RegionFactoryInitiator    : HHH000026: Second-level cache disabled
2025-08-28T11:37:50.436-03:00  INFO 9588 --- [CrudBanking] [           main] o.s.o.j.p.SpringPersistenceUnitInfo      : No LoadTimeWeaver setup: ignoring JPA class transformer
2025-08-28T11:37:50.537-03:00  INFO 9588 --- [CrudBanking] [           main] com.zaxxer.hikari.HikariDataSource       : HikariPool-1 - Starting...
2025-08-28T11:37:50.924-03:00  INFO 9588 --- [CrudBanking] [           main] com.zaxxer.hikari.pool.HikariPool        : HikariPool-1 - Added connection conn0: url=jdbc:h2:mem:inventory user=INVUSER
2025-08-28T11:37:50.926-03:00  INFO 9588 --- [CrudBanking] [           main] com.zaxxer.hikari.HikariDataSource       : HikariPool-1 - Start completed.
2025-08-28T11:37:50.977-03:00  WARN 9588 --- [CrudBanking] [           main] org.hibernate.orm.deprecation            : HHH90000025: H2Dialect does not need to be specified explicitly using 'hibernate.dialect' (remove the property setting and it will be selected by default)
2025-08-28T11:37:51.022-03:00  INFO 9588 --- [CrudBanking] [           main] org.hibernate.orm.connections.pooling    : HHH10001005: Database info:
	Database JDBC URL [Connecting through datasource 'HikariDataSource (HikariPool-1)']
	Database driver: undefined/unknown
	Database version: 2.3.232
	Autocommit mode: undefined/unknown
	Isolation level: undefined/unknown
	Minimum pool size: undefined/unknown
	Maximum pool size: undefined/unknown
2025-08-28T11:37:52.406-03:00  INFO 9588 --- [CrudBanking] [           main] o.h.e.t.j.p.i.JtaPlatformInitiator       : HHH000489: No JTA platform available (set 'hibernate.transaction.jta.platform' to enable JTA platform integration)
2025-08-28T11:37:52.469-03:00  INFO 9588 --- [CrudBanking] [           main] j.LocalContainerEntityManagerFactoryBean : Initialized JPA EntityManagerFactory for persistence unit 'default'
2025-08-28T11:37:53.398-03:00  WARN 9588 --- [CrudBanking] [           main] JpaBaseConfiguration$JpaWebConfiguration : spring.jpa.open-in-view is enabled by default. Therefore, database queries may be performed during view rendering. Explicitly configure spring.jpa.open-in-view to disable this warning
2025-08-28T11:37:55.259-03:00  INFO 9588 --- [CrudBanking] [           main] o.s.b.t.m.w.SpringBootMockServletContext : Initializing Spring TestDispatcherServlet ''
2025-08-28T11:37:55.259-03:00  INFO 9588 --- [CrudBanking] [           main] o.s.t.web.servlet.TestDispatcherServlet  : Initializing Servlet ''
2025-08-28T11:37:55.263-03:00  INFO 9588 --- [CrudBanking] [           main] o.s.t.web.servlet.TestDispatcherServlet  : Completed initialization in 2 ms
2025-08-28T11:37:55.317-03:00  INFO 9588 --- [CrudBanking] [           main] kingEntityQueryControllerIntegrationTest : Started BankingEntityQueryControllerIntegrationTest in 10.303 seconds (process running for 12.911)
2025-08-28T11:37:56.470-03:00  INFO 9588 --- [CrudBanking] [           main] c.r.s.a.v1.BankingEntityQueryController  : getAllExecution time: 332 ms.-
]]></system-out>
  </testcase>
  <testcase name="getByCode_shouldReturnOk" classname="com.rht.santander.api.v1.BankingEntityQueryControllerIntegrationTest" time="0.366">
    <system-out><![CDATA[2025-08-28T11:37:56.656-03:00  INFO 9588 --- [CrudBanking] [           main] c.r.s.s.impl.BankingEntityServiceImpl    : save Start
2025-08-28T11:37:56.879-03:00  INFO 9588 --- [CrudBanking] [           main] c.r.s.s.impl.BankingEntityServiceImpl    : save Exit: COMPLETED 223 ms.-
2025-08-28T11:37:56.913-03:00  INFO 9588 --- [CrudBanking] [           main] c.r.s.a.v1.BankingEntityQueryController  : getByCodeRequest: ABC123
2025-08-28T11:37:56.941-03:00  INFO 9588 --- [CrudBanking] [           main] c.r.s.a.v1.BankingEntityQueryController  : getByCodeExecution time: 28 ms.-
]]></system-out>
  </testcase>
  <testcase name="getByCode_shouldReturnNotFound_whenInvalidCode" classname="com.rht.santander.api.v1.BankingEntityQueryControllerIntegrationTest" time="0.046">
    <system-out><![CDATA[2025-08-28T11:37:57.034-03:00  INFO 9588 --- [CrudBanking] [           main] c.r.s.a.v1.BankingEntityQueryController  : getByCodeRequest: INVALID
2025-08-28T11:37:57.038-03:00  INFO 9588 --- [CrudBanking] [           main] c.r.s.a.v1.BankingEntityQueryController  : getByCodeExecution time: 4 ms.-
2025-08-28T11:37:57.062-03:00  INFO 9588 --- [CrudBanking] [           main] c.r.s.exception.GlobalExceptionHandler   : handleNoSuchElementExceptionException validating request : Entity with code INVALID not found
]]></system-out>
  </testcase>
</testsuite>